Release 11.4 Map L.68 (lin64)
Xilinx Mapping Report File for Design 'timestamper_cw'

Design Information
------------------
Command Line   : map -ol high -w -o timestamper_cw_map.ncd -intstyle ise -ise
/home/sean/SDR/Firmware/projects/timestamper/sysgen/smartxplorer_results/run1/ti
mestamper_cw.ise timestamper_cw.ngd
/home/sean/SDR/Firmware/projects/timestamper/sysgen/smartxplorer_results/run1/ti
mestamper_cw.pcf 
Target Device  : xc5vsx95t
Target Package : ff1136
Target Speed   : -1
Mapper Version : virtex5 -- $Revision: 1.51.18.1 $
Mapped Date    : Mon Jul 23 09:16:34 2012

Design Summary
--------------
Number of errors   :   1
Number of warnings :   2

Section 1 - Errors
------------------
ERROR:MapLib:30 - LOC constraint D7HACK on clk is invalid: No such site on the
   device. To bypass this error set the environment variable 'XIL_MAP_LOCWARN'.

Section 2 - Warnings
--------------------
WARNING:Security:43 - No license file was found in the standard Xilinx license
directory.
WARNING:Security:44 - No license file was found.
WARNING:Security:42 - Your software subscription period has lapsed. Your current
version of Xilinx tools will continue to function, but you no longer qualify for
Xilinx software updates or new releases.
WARNING:LIT:243 - Logical network ce has no load.
WARNING:LIT:395 - The above warning message is repeated 143 more times for the
   following (max. 5 shown):
   timestamper_adc_mkid_user_data_q0(11),
   timestamper_adc_mkid_user_data_q0(10),
   timestamper_adc_mkid_user_data_q0(9),
   timestamper_adc_mkid_user_data_q0(8),
   timestamper_adc_mkid_user_data_q0(7)
   To see the details of these warning messages, please use the -detail switch.

Section 3 - Informational
-------------------------
INFO:Security:51 - The XILINXD_LICENSE_FILE environment variable is not set.
INFO:Security:53 - The LM_LICENSE_FILE environment variable is not set.
INFO:Security:56 - Part 'xc5vsx95t' is not a WebPack part.
INFO:MapLib:562 - No environment variables are currently set.

Section 4 - Removed Logic Summary
---------------------------------

Section 5 - Removed Logic
-------------------------
