Release 11.4 - platgen Xilinx EDK 11.4 Build EDK_LS4.68
 (lin64)
Copyright (c) 1995-2009 Xilinx, Inc.  All rights reserved.

Command Line: platgen -p xc5vsx95tff1136-1 -lang vhdl -msg
__xps/ise/xmsgprops.lst system.mhs 

WARNING:EDK - INFO:Security:51 - The XILINXD_LICENSE_FILE environment variable
   is not set.
   INFO:Security:53 - The LM_LICENSE_FILE environment variable is not set.
   WARNING:Security:43 - No license file was found in the standard Xilinx
   license directory.
   WARNING:Security:44 - No license file was found.
          Please run the Xilinx License Configuration Manager
          (xlcm or "Manage Xilinx Licenses")
          to assist in obtaining a license.
   WARNING:Security:42 - Your software subscription period has lapsed. Your
   current version of Xilinx tools will continue to function, but you no longer
   qualify for Xilinx software updates or new releases.


Parse /home/sean/SDR/Firmware/projects/timestamper/XPS_ROACH_base/system.mhs ...

Read MPD definitions ...
WARNING:EDK:1582 - IPNAME:opb_v20 INSTANCE:opb0 -
   /home/sean/SDR/Firmware/projects/timestamper/XPS_ROACH_base/system.mhs line
   93 - deprecated core for architecture 'virtex5sx'!
WARNING:EDK:1582 - IPNAME:opb_bram_if_cntlr INSTANCE:timestamper_pulses_bram0 -
   /home/sean/SDR/Firmware/projects/timestamper/XPS_ROACH_base/system.mhs line
   271 - deprecated core for architecture 'virtex5sx'!
WARNING:EDK:1582 - IPNAME:opb_bram_if_cntlr INSTANCE:timestamper_pulses_bram1 -
   /home/sean/SDR/Firmware/projects/timestamper/XPS_ROACH_base/system.mhs line
   302 - deprecated core for architecture 'virtex5sx'!
WARNING:EDK:1582 - IPNAME:opb_v20 INSTANCE:opb0 -
   /home/sean/SDR/Firmware/projects/timestamper/XPS_ROACH_base/system.mhs line
   93 - deprecated core for architecture 'virtex5sx'!
WARNING:EDK:1582 - IPNAME:opb_bram_if_cntlr INSTANCE:timestamper_pulses_bram0 -
   /home/sean/SDR/Firmware/projects/timestamper/XPS_ROACH_base/system.mhs line
   271 - deprecated core for architecture 'virtex5sx'!
WARNING:EDK:1582 - IPNAME:opb_bram_if_cntlr INSTANCE:timestamper_pulses_bram1 -
   /home/sean/SDR/Firmware/projects/timestamper/XPS_ROACH_base/system.mhs line
   302 - deprecated core for architecture 'virtex5sx'!

Overriding IP level properties ...

Performing IP level DRCs on properties...

Running DRC Tcl procedures for OPTION IPLEVEL_DRC_PROC...
Address Map for Processor epb_opb_bridge_inst
  (0000000000-0x0000ffff) sys_block_inst	opb0
  (0x01000000-0x010000ff) timestamper_pulses_addr	opb0
  (0x01010000-0x0101ffff) timestamper_pulses_bram0	opb0
  (0x01020000-0x0102ffff) timestamper_pulses_bram1	opb0
  (0x01030000-0x010300ff) timestamper_seconds	opb0
  (0x01030100-0x010301ff) timestamper_startBuffer	opb0

Computing clock values...
INFO:EDK:740 - Cannot determine the input clock associated with port :
   infrastructure_inst:epb_clk. Clock DRCs will not be performed on this core
   and cores connected to it. 
INFO:EDK:740 - Cannot determine the input clock associated with port :
   infrastructure_inst:epb_clk. Clock DRCs will not be performed on this core
   and cores connected to it. 
INFO:EDK:740 - Cannot determine the input clock associated with port :
   infrastructure_inst:epb_clk. Clock DRCs will not be performed on this core
   and cores connected to it. 
INFO:EDK:740 - Cannot determine the input clock associated with port :
   infrastructure_inst:epb_clk. Clock DRCs will not be performed on this core
   and cores connected to it. 
INFO:EDK:740 - Cannot determine the input clock associated with port :
   timestamper_adc_mkid:adc_clk_out. Clock DRCs will not be performed on this
   core and cores connected to it. 
INFO:EDK:740 - Cannot determine the input clock associated with port :
   timestamper_adc_mkid:adc_clk_out. Clock DRCs will not be performed on this
   core and cores connected to it. 
INFO:EDK:740 - Cannot determine the input clock associated with port :
   infrastructure_inst:epb_clk. Clock DRCs will not be performed on this core
   and cores connected to it. 
INFO:EDK:740 - Cannot determine the input clock associated with port :
   timestamper_pulses_bram0_ramif:bram_clk. Clock DRCs will not be performed on
   this core and cores connected to it. 
INFO:EDK:740 - Cannot determine the input clock associated with port :
   infrastructure_inst:epb_clk. Clock DRCs will not be performed on this core
   and cores connected to it. 
INFO:EDK:740 - Cannot determine the input clock associated with port :
   infrastructure_inst:epb_clk. Clock DRCs will not be performed on this core
   and cores connected to it. 
INFO:EDK:740 - Cannot determine the input clock associated with port :
   timestamper_pulses_bram1_ramif:bram_clk. Clock DRCs will not be performed on
   this core and cores connected to it. 
INFO:EDK:740 - Cannot determine the input clock associated with port :
   infrastructure_inst:epb_clk. Clock DRCs will not be performed on this core
   and cores connected to it. 
INFO:EDK:740 - Cannot determine the input clock associated with port :
   infrastructure_inst:epb_clk. Clock DRCs will not be performed on this core
   and cores connected to it. 
INFO:EDK:740 - Cannot determine the input clock associated with port :
   infrastructure_inst:epb_clk. Clock DRCs will not be performed on this core
   and cores connected to it. 
INFO:EDK:740 - Cannot determine the input clock associated with port :
   infrastructure_inst:epb_clk. Clock DRCs will not be performed on this core
   and cores connected to it. 
INFO:EDK:1039 - Did not update the value for parameter:
   timestamper_pulses_bram0:c_opb_clk_period_ps. Top-level frequency could not
   be propagated to this IP. Please make sure that you have specified the
   frequency of the top-level clock port, and that the clocks are properly
   connected.
INFO:EDK:1039 - Did not update the value for parameter:
   timestamper_pulses_bram1:c_opb_clk_period_ps. Top-level frequency could not
   be propagated to this IP. Please make sure that you have specified the
   frequency of the top-level clock port, and that the clocks are properly
   connected.
INFO:EDK:1560 - IPNAME:opb_v20 INSTANCE:opb0 -
   /opt/Xilinx/11.1/EDK/hw/XilinxProcessorIPLib/pcores/opb_v20_v1_10_c/data/opb_
   v20_v2_1_0.mpd line 74 - tool is overriding PARAMETER C_NUM_MASTERS value to
   1
INFO:EDK:1560 - IPNAME:opb_v20 INSTANCE:opb0 -
   /opt/Xilinx/11.1/EDK/hw/XilinxProcessorIPLib/pcores/opb_v20_v1_10_c/data/opb_
   v20_v2_1_0.mpd line 75 - tool is overriding PARAMETER C_NUM_SLAVES value to 6
INFO:EDK:1560 - IPNAME:bram_block INSTANCE:timestamper_pulses_bram0_ramblk -
   /opt/Xilinx/11.1/EDK/hw/XilinxProcessorIPLib/pcores/bram_block_v1_00_a/data/b
   ram_block_v2_1_0.mpd line 69 - tool is overriding PARAMETER C_MEMSIZE value
   to 0x10000
INFO:EDK:1560 - IPNAME:bram_block INSTANCE:timestamper_pulses_bram1_ramblk -
   /opt/Xilinx/11.1/EDK/hw/XilinxProcessorIPLib/pcores/bram_block_v1_00_a/data/b
   ram_block_v2_1_0.mpd line 69 - tool is overriding PARAMETER C_MEMSIZE value
   to 0x10000

Checking platform address map ...

Checking platform configuration ...
IPNAME:opb_v20 INSTANCE:opb0 -
/home/sean/SDR/Firmware/projects/timestamper/XPS_ROACH_base/system.mhs line 93 -
1 master(s) : 6 slave(s)

Checking port drivers...
WARNING:EDK:2099 - PORT:sys_clk CONNECTOR:sys_clk -
   /home/sean/SDR/Firmware/projects/timestamper/XPS_ROACH_base/system.mhs line
   55 - floating connection!
WARNING:EDK:2099 - PORT:sys_clk90 CONNECTOR:sys_clk90 -
   /home/sean/SDR/Firmware/projects/timestamper/XPS_ROACH_base/system.mhs line
   56 - floating connection!
WARNING:EDK:2099 - PORT:sys_clk180 CONNECTOR:sys_clk180 -
   /home/sean/SDR/Firmware/projects/timestamper/XPS_ROACH_base/system.mhs line
   57 - floating connection!
WARNING:EDK:2099 - PORT:sys_clk270 CONNECTOR:sys_clk270 -
   /home/sean/SDR/Firmware/projects/timestamper/XPS_ROACH_base/system.mhs line
   58 - floating connection!
WARNING:EDK:2099 - PORT:sys_clk_lock CONNECTOR:sys_clk_lock -
   /home/sean/SDR/Firmware/projects/timestamper/XPS_ROACH_base/system.mhs line
   59 - floating connection!
WARNING:EDK:2099 - PORT:sys_clk2x CONNECTOR:sys_clk2x -
   /home/sean/SDR/Firmware/projects/timestamper/XPS_ROACH_base/system.mhs line
   60 - floating connection!
WARNING:EDK:2099 - PORT:sys_clk2x90 CONNECTOR:sys_clk2x90 -
   /home/sean/SDR/Firmware/projects/timestamper/XPS_ROACH_base/system.mhs line
   61 - floating connection!
WARNING:EDK:2099 - PORT:sys_clk2x180 CONNECTOR:sys_clk2x180 -
   /home/sean/SDR/Firmware/projects/timestamper/XPS_ROACH_base/system.mhs line
   62 - floating connection!
WARNING:EDK:2099 - PORT:sys_clk2x270 CONNECTOR:sys_clk2x270 -
   /home/sean/SDR/Firmware/projects/timestamper/XPS_ROACH_base/system.mhs line
   63 - floating connection!
WARNING:EDK:2099 - PORT:dly_clk CONNECTOR:dly_clk -
   /home/sean/SDR/Firmware/projects/timestamper/XPS_ROACH_base/system.mhs line
   64 - floating connection!
WARNING:EDK:2099 - PORT:aux0_clk CONNECTOR:aux0_clk -
   /home/sean/SDR/Firmware/projects/timestamper/XPS_ROACH_base/system.mhs line
   65 - floating connection!
WARNING:EDK:2099 - PORT:aux0_clk90 CONNECTOR:aux0_clk90 -
   /home/sean/SDR/Firmware/projects/timestamper/XPS_ROACH_base/system.mhs line
   66 - floating connection!
WARNING:EDK:2099 - PORT:aux0_clk180 CONNECTOR:aux0_clk180 -
   /home/sean/SDR/Firmware/projects/timestamper/XPS_ROACH_base/system.mhs line
   67 - floating connection!
WARNING:EDK:2099 - PORT:aux0_clk270 CONNECTOR:aux0_clk270 -
   /home/sean/SDR/Firmware/projects/timestamper/XPS_ROACH_base/system.mhs line
   68 - floating connection!
WARNING:EDK:2099 - PORT:aux1_clk CONNECTOR:aux1_clk -
   /home/sean/SDR/Firmware/projects/timestamper/XPS_ROACH_base/system.mhs line
   69 - floating connection!
WARNING:EDK:2099 - PORT:aux1_clk90 CONNECTOR:aux1_clk90 -
   /home/sean/SDR/Firmware/projects/timestamper/XPS_ROACH_base/system.mhs line
   70 - floating connection!
WARNING:EDK:2099 - PORT:aux1_clk180 CONNECTOR:aux1_clk180 -
   /home/sean/SDR/Firmware/projects/timestamper/XPS_ROACH_base/system.mhs line
   71 - floating connection!
WARNING:EDK:2099 - PORT:aux1_clk270 CONNECTOR:aux1_clk270 -
   /home/sean/SDR/Firmware/projects/timestamper/XPS_ROACH_base/system.mhs line
   72 - floating connection!
WARNING:EDK:2099 - PORT:aux0_clk2x CONNECTOR:aux0_clk2x -
   /home/sean/SDR/Firmware/projects/timestamper/XPS_ROACH_base/system.mhs line
   73 - floating connection!
WARNING:EDK:2099 - PORT:aux0_clk2x90 CONNECTOR:aux0_clk2x90 -
   /home/sean/SDR/Firmware/projects/timestamper/XPS_ROACH_base/system.mhs line
   74 - floating connection!
WARNING:EDK:2099 - PORT:aux0_clk2x180 CONNECTOR:aux0_clk2x180 -
   /home/sean/SDR/Firmware/projects/timestamper/XPS_ROACH_base/system.mhs line
   75 - floating connection!
WARNING:EDK:2099 - PORT:aux0_clk2x270 CONNECTOR:aux0_clk2x270 -
   /home/sean/SDR/Firmware/projects/timestamper/XPS_ROACH_base/system.mhs line
   76 - floating connection!
WARNING:EDK:2099 - PORT:idelay_rdy CONNECTOR:idelay_rdy -
   /home/sean/SDR/Firmware/projects/timestamper/XPS_ROACH_base/system.mhs line
   79 - floating connection!
WARNING:EDK:2099 - PORT:soft_reset CONNECTOR:soft_reset -
   /home/sean/SDR/Firmware/projects/timestamper/XPS_ROACH_base/system.mhs line
   161 - floating connection!
WARNING:EDK:2099 - PORT:adc_clk90_out CONNECTOR:adc1_clk90 -
   /home/sean/SDR/Firmware/projects/timestamper/XPS_ROACH_base/system.mhs line
   223 - floating connection!
WARNING:EDK:2099 - PORT:adc_clk180_out CONNECTOR:adc1_clk180 -
   /home/sean/SDR/Firmware/projects/timestamper/XPS_ROACH_base/system.mhs line
   224 - floating connection!
WARNING:EDK:2099 - PORT:adc_clk270_out CONNECTOR:adc1_clk270 -
   /home/sean/SDR/Firmware/projects/timestamper/XPS_ROACH_base/system.mhs line
   225 - floating connection!
WARNING:EDK:2099 - PORT:adc_dcm_locked CONNECTOR:adc1_dcm_locked -
   /home/sean/SDR/Firmware/projects/timestamper/XPS_ROACH_base/system.mhs line
   226 - floating connection!

Performing Clock DRCs...
INFO:EDK:1038 - Did not implement clock DRCs for parameter:
   timestamper_pulses_bram0:c_opb_clk_period_ps. Top-level frequency could not
   be propagated to this IP. Please make sure that you have specified the
   frequency of the top-level clock port, and that the clocks are properly
   connected.
INFO:EDK:1038 - Did not implement clock DRCs for parameter:
   timestamper_pulses_bram1:c_opb_clk_period_ps. Top-level frequency could not
   be propagated to this IP. Please make sure that you have specified the
   frequency of the top-level clock port, and that the clocks are properly
   connected.

Performing Reset DRCs...

Overriding system level properties...

Running system level update procedures...

Running UPDATE Tcl procedures for OPTION SYSLEVEL_UPDATE_PROC...

Running system level DRCs...

Performing System level DRCs on properties...

Running DRC Tcl procedures for OPTION SYSLEVEL_DRC_PROC...

Running UPDATE Tcl procedures for OPTION PLATGEN_SYSLEVEL_UPDATE_PROC...

Modify defaults ...

Creating stub ...

Processing licensed instances ...
Completion time: 0.00 seconds

Creating hardware output directories ...

Managing hardware (BBD-specified) netlist files ...
IPNAME:timestamper INSTANCE:timestamper_xsg_core_config -
/home/sean/SDR/Firmware/projects/timestamper/XPS_ROACH_base/system.mhs line 172
- Copying (BBD-specified) netlist files.
IPNAME:adc_mkid_interface INSTANCE:timestamper_adc_mkid -
/home/sean/SDR/Firmware/projects/timestamper/XPS_ROACH_base/system.mhs line 202
- Copying (BBD-specified) netlist files.

Managing cache ...

Elaborating instances ...
IPNAME:bram_block INSTANCE:timestamper_pulses_bram0_ramblk -
/home/sean/SDR/Firmware/projects/timestamper/XPS_ROACH_base/system.mhs line 264
- elaborating IP
IPNAME:bram_block INSTANCE:timestamper_pulses_bram1_ramblk -
/home/sean/SDR/Firmware/projects/timestamper/XPS_ROACH_base/system.mhs line 295
- elaborating IP

Writing HDL for elaborated instances ...

Inserting wrapper level ...
Completion time: 1.00 seconds

Constructing platform-level connectivity ...
Completion time: 0.00 seconds

Writing (top-level) BMM ...

Writing (top-level and wrappers) HDL ...

Generating synthesis project file ...

Running XST synthesis ...

INFO:EDK:2502 - The following instances are synthesized with XST. The MPD option
   IMP_NETLIST=TRUE indicates that a NGC file is to be produced using XST
   synthesis. IMP_NETLIST=FALSE (default) instances are not synthesized. 
INSTANCE:infrastructure_inst -
/home/sean/SDR/Firmware/projects/timestamper/XPS_ROACH_base/system.mhs line 42 -
Running XST synthesis
INSTANCE:reset_block_inst -
/home/sean/SDR/Firmware/projects/timestamper/XPS_ROACH_base/system.mhs line 82 -
Running XST synthesis
INSTANCE:opb0 -
/home/sean/SDR/Firmware/projects/timestamper/XPS_ROACH_base/system.mhs line 93 -
Running XST synthesis
INSTANCE:epb_opb_bridge_inst -
/home/sean/SDR/Firmware/projects/timestamper/XPS_ROACH_base/system.mhs line 102
- Running XST synthesis
INSTANCE:epb_infrastructure_inst -
/home/sean/SDR/Firmware/projects/timestamper/XPS_ROACH_base/system.mhs line 121
- Running XST synthesis
INSTANCE:sys_block_inst -
/home/sean/SDR/Firmware/projects/timestamper/XPS_ROACH_base/system.mhs line 146
- Running XST synthesis
INSTANCE:timestamper_xsg_core_config -
/home/sean/SDR/Firmware/projects/timestamper/XPS_ROACH_base/system.mhs line 172
- Running XST synthesis
INSTANCE:timestamper_adc_mkid -
/home/sean/SDR/Firmware/projects/timestamper/XPS_ROACH_base/system.mhs line 202
- Running XST synthesis
INSTANCE:timestamper_pulses_addr -
/home/sean/SDR/Firmware/projects/timestamper/XPS_ROACH_base/system.mhs line 240
- Running XST synthesis
INSTANCE:timestamper_pulses_bram0_ramif -
/home/sean/SDR/Firmware/projects/timestamper/XPS_ROACH_base/system.mhs line 252
- Running XST synthesis
INSTANCE:timestamper_pulses_bram0_ramblk -
/home/sean/SDR/Firmware/projects/timestamper/XPS_ROACH_base/system.mhs line 264
- Running XST synthesis
INSTANCE:timestamper_pulses_bram0 -
/home/sean/SDR/Firmware/projects/timestamper/XPS_ROACH_base/system.mhs line 271
- Running XST synthesis
INSTANCE:timestamper_pulses_bram1_ramif -
/home/sean/SDR/Firmware/projects/timestamper/XPS_ROACH_base/system.mhs line 283
- Running XST synthesis
INSTANCE:timestamper_pulses_bram1_ramblk -
/home/sean/SDR/Firmware/projects/timestamper/XPS_ROACH_base/system.mhs line 295
- Running XST synthesis
INSTANCE:timestamper_pulses_bram1 -
/home/sean/SDR/Firmware/projects/timestamper/XPS_ROACH_base/system.mhs line 302
- Running XST synthesis
INSTANCE:timestamper_seconds -
/home/sean/SDR/Firmware/projects/timestamper/XPS_ROACH_base/system.mhs line 314
- Running XST synthesis
INSTANCE:timestamper_startbuffer -
/home/sean/SDR/Firmware/projects/timestamper/XPS_ROACH_base/system.mhs line 326
- Running XST synthesis

Running NGCBUILD ...
IPNAME:timestamper_xsg_core_config_wrapper INSTANCE:timestamper_xsg_core_config
- /home/sean/SDR/Firmware/projects/timestamper/XPS_ROACH_base/system.mhs line
172 - Running NGCBUILD
IPNAME:timestamper_adc_mkid_wrapper INSTANCE:timestamper_adc_mkid -
/home/sean/SDR/Firmware/projects/timestamper/XPS_ROACH_base/system.mhs line 202
- Running NGCBUILD

Rebuilding cache ...

Total run time: 94.00 seconds
