Saved contents of this file to system_log.11.3 during revup to EDK 11.4.

=====================
Opened log file
=====================
=====================
Opened log file
=====================
Xilinx Platform Studio (XPS)
Xilinx EDK 11.4 Build EDK_LS4.68

Xilinx EDK 11.4 Build EDK_LS4.68

WARNING:EDK - IPNAME:opb_v20 INSTANCE:opb0 -
   /home/sean/SDR/Firmware/projects/chan_512/XPS_ROACH_base/system.mhs line 93 -
   deprecated core for architecture 'virtex5sx'!
WARNING:EDK - IPNAME:opb_bram_if_cntlr INSTANCE:chan_512_avgIQ_bram -
   /home/sean/SDR/Firmware/projects/chan_512/XPS_ROACH_base/system.mhs line 647
   - deprecated core for architecture 'virtex5sx'!
WARNING:EDK - IPNAME:opb_bram_if_cntlr INSTANCE:chan_512_pulses_bram0 -
   /home/sean/SDR/Firmware/projects/chan_512/XPS_ROACH_base/system.mhs line 930
   - deprecated core for architecture 'virtex5sx'!
WARNING:EDK - IPNAME:opb_bram_if_cntlr INSTANCE:chan_512_pulses_bram1 -
   /home/sean/SDR/Firmware/projects/chan_512/XPS_ROACH_base/system.mhs line 961
   - deprecated core for architecture 'virtex5sx'!
WARNING:EDK - IPNAME:opb_bram_if_cntlr INSTANCE:chan_512_snapPhase_bram -
   /home/sean/SDR/Firmware/projects/chan_512/XPS_ROACH_base/system.mhs line 1028
   - deprecated core for architecture 'virtex5sx'!
WARNING:EDK - IPNAME:opb_v20 INSTANCE:opb1 -
   /home/sean/SDR/Firmware/projects/chan_512/XPS_ROACH_base/system.mhs line 1124
   - deprecated core for architecture 'virtex5sx'!
WARNING:EDK - IPNAME:opb_opb_lite INSTANCE:opb2opb_bridge_opb1 -
   /home/sean/SDR/Firmware/projects/chan_512/XPS_ROACH_base/system.mhs line 1132
   - deprecated core for architecture 'virtex5sx'!

XPS% Evaluating file run_xps.tcl
