xlpersistentdff.ngc /home/sean/SDR/Firmware/projects/chan_550/sysgen/sysgen/perl_results.vhd bmg_33_e67a48b1c0b67489.mif addsb_11_0_07376586731f7a0d.v bmg_33_45e45a6b0b32f614.ngc addsb_11_0_3c81f668c73fe3bc.v cntr_11_0_6ad1a52b2c418917.v cntr_11_0_18bbeb067aa07bfe.v bmg_33_1e208a1bd987979c.v cntr_11_0_64b6c809edee1e81.v bmg_33_93af047bc31ed975.ngc cntr_11_0_28c081f5221f14ee.ngc bmg_33_e9e540b1ba40437d.mif bmg_33_1c6b512a486a4179.mif cntr_11_0_f52338cfe462aa75.v addsb_11_0_36867e5c7fbbc361.vhd bmg_33_48da6872a2de2862.ngc cntr_11_0_dc3e762e4909a8fc.ngc bmg_33_abda72d904723423.ngc bmg_33_5e5c5cdbadc20d89.ngc bmg_33_1e208a1bd987979c.mif bmg_33_e67a48b1c0b67489.v bmg_33_7f9bb833f81c2e5a.vhd bmg_33_6dcf1ebba9a69c95.vhd bmg_33_1c6b512a486a4179.v bmg_33_7f9bb833f81c2e5a.v bmg_33_203e27e931eb1cbc.vhd cntr_11_0_5146ef1d6551d4bd.ngc bmg_33_6dcf1ebba9a69c95.v bmg_33_7b9ccf0344272f29.v bmg_33_71a507aea6e3ab6e.mif bmg_33_e67a48b1c0b67489.ngc bmg_33_5e5c5cdbadc20d89.vhd addsb_11_0_a94e57b72e53038c.v bmg_33_8a6bca5e2fc06fa6.ngc bmg_33_00210a008487e75b.v dmg_43_2c84d7ed8ee6aa83.ngc bmg_33_20f40af67413e471.ngc bmg_33_8a6bca5e2fc06fa6.vhd addsb_11_0_3c81f668c73fe3bc.ngc bmg_33_5195d5d3f5dec7f3.ngc cntr_11_0_64b6c809edee1e81.ngc cntr_11_0_5515d9f6c1c522c2.ngc bmg_33_e5c8c619115aa07c.vhd bmg_33_c74cf11560359eb3.vhd bmg_33_31944f959b70ca96.v cntr_11_0_6ad1a52b2c418917.vhd cntr_11_0_82b9fd0243bf8494.vhd cntr_11_0_5515d9f6c1c522c2.v bmg_33_703aafc348b40980.vhd bmg_33_93af047bc31ed975.vhd cntr_11_0_e38d2846faa17a96.vhd bmg_33_00210a008487e75b.ngc bmg_33_31944f959b70ca96.ngc bmg_33_3dc44663493e5141.ngc bmg_33_e77502d71aea64a1.mif cntr_11_0_a5266c67e2bfae25.vhd bmg_33_e8dcf4214e56e3f5.v dmg_43_2c84d7ed8ee6aa83.mif bmg_33_703aafc348b40980.mif addsb_11_0_97a94476d39abba1.vhd addsb_11_0_07376586731f7a0d.ngc bmg_33_20f40af67413e471.vhd bmg_33_e8dcf4214e56e3f5.vhd bmg_33_7b9ccf0344272f29.mif bmg_33_103575db1cb8906d.v bmg_33_e9e540b1ba40437d.ngc mlt_11_2_94be7c2fab735de7.vhd bmg_33_e77502d71aea64a1.v addsb_11_0_07376586731f7a0d.vhd cntr_11_0_3141ead9d4e5a33a.v bmg_33_8a6bca5e2fc06fa6.mif mlt_11_2_94be7c2fab735de7.ngc cntr_11_0_da764ffec3b80b68.ngc bmg_33_20f40af67413e471.v addsb_11_0_cb3661bea5598abb.v bmg_33_b8c4b30b3d42cadf.vhd bmg_33_71a507aea6e3ab6e.v addsb_11_0_8f8320a8378855a3.vhd cntr_11_0_7dbd4dbcd9455acc.v crdc_v4_0_ca65db4ce002d4ae.v bmg_33_00210a008487e75b.vhd bmg_33_48da6872a2de2862.vhd addsb_11_0_acea36ae702708f1.ngc cntr_11_0_7d2d2ebbf32c6bf7.v dmg_43_f7074f739a815d7c.v bmg_33_203e27e931eb1cbc.mif cntr_11_0_18bbeb067aa07bfe.vhd bmg_33_e5c8c619115aa07c.mif bmg_33_536316c7eed93d8d.ngc mlt_11_2_e17173d75dc3e081.vhd dmg_43_e6e3b75fe9b7a583.v dmg_43_d096f6e8cb5e3310.v cntr_11_0_7f0d56fd1dcf9c88.ngc addsb_11_0_6407470611dcff3a.v bmg_33_c74cf11560359eb3.ngc bmg_33_89fa326be153087b.v bmg_33_abda72d904723423.mif bmg_33_103575db1cb8906d.ngc cntr_11_0_eea7476f289fee22.ngc cntr_11_0_da764ffec3b80b68.vhd addsb_11_0_15f3be9ad2414bc9.vhd bmg_33_71a507aea6e3ab6e.ngc bmg_33_20f40af67413e471.mif cntr_11_0_18bbeb067aa07bfe.ngc bmg_33_93af047bc31ed975.mif bmg_33_3dc44663493e5141.v bmg_33_c74cf11560359eb3.v addsb_11_0_8202536b6c80d41d.ngc dmg_43_d096f6e8cb5e3310.mif cntr_11_0_f52338cfe462aa75.ngc addsb_11_0_d1f449097ed0a158.v bmg_33_1d1a16587f3fc0f3.vhd bmg_33_89fa326be153087b.mif cntr_11_0_6db42a60fe462138.vhd addsb_11_0_cb3661bea5598abb.ngc cntr_11_0_80077642ae38aa96.vhd addsb_11_0_36867e5c7fbbc361.ngc cntr_11_0_c14dbcf12e29b2d7.vhd bmg_33_e77502d71aea64a1.vhd bmg_33_06133fa01183b95a.vhd bmg_33_31944f959b70ca96.mif addsb_11_0_f0f00f6bf49b954c.v bmg_33_7b9ccf0344272f29.vhd cntr_11_0_c14dbcf12e29b2d7.ngc bmg_33_e1dc07e48a247c2a.v cntr_11_0_dc3e762e4909a8fc.vhd cntr_11_0_7d2d2ebbf32c6bf7.ngc bmg_33_00210a008487e75b.mif bmg_33_31944f959b70ca96.vhd bmg_33_7b9ccf0344272f29.ngc cntr_11_0_3141ead9d4e5a33a.ngc addsb_11_0_b20b7f8d49b0a0e3.vhd cntr_11_0_dc3e762e4909a8fc.v addsb_11_0_a94e57b72e53038c.vhd bmg_33_45e45a6b0b32f614.vhd addsb_11_0_a94e57b72e53038c.ngc bmg_33_e1dc07e48a247c2a.ngc cntr_11_0_eea7476f289fee22.vhd mlt_11_2_0c13abc32fd5d8d9.ngc addsb_11_0_b20b7f8d49b0a0e3.ngc bmg_33_e5c8c619115aa07c.ngc bmg_33_867ea1042efc7235.mif addsb_11_0_13b3320717a8ab08.vhd bmg_33_203e27e931eb1cbc.v bmg_33_6ada03306a140765.mif bmg_33_e67a48b1c0b67489.vhd addsb_11_0_610003d72ed4acc9.v addsb_11_0_cb3661bea5598abb.vhd cntr_11_0_2ac7fb319983676e.ngc addsb_11_0_acea36ae702708f1.v bmg_33_1d1a16587f3fc0f3.mif bmg_33_1d1a16587f3fc0f3.ngc addsb_11_0_97a94476d39abba1.ngc bmg_33_71a507aea6e3ab6e.vhd bmg_33_5195d5d3f5dec7f3.v bmg_33_e8dcf4214e56e3f5.mif bmg_33_b8c4b30b3d42cadf.v bmg_33_b8c4b30b3d42cadf.ngc crdc_v4_0_ca65db4ce002d4ae.ngc dmg_43_3127414ad7a714f4.vhd mlt_11_2_e17173d75dc3e081.v crdc_v4_0_ca65db4ce002d4ae.vhd cntr_11_0_f693a2757b61b862.v bmg_33_8a6bca5e2fc06fa6.v bmg_33_2272a8ec1c0cc938.ngc bmg_33_e9e540b1ba40437d.vhd cntr_11_0_6db42a60fe462138.v bmg_33_6ada03306a140765.v cntr_11_0_80077642ae38aa96.ngc bmg_33_1c6b512a486a4179.ngc dmg_43_2c84d7ed8ee6aa83.vhd bmg_33_536316c7eed93d8d.v cntr_11_0_a5266c67e2bfae25.ngc bmg_33_5195d5d3f5dec7f3.vhd addsb_11_0_f0f00f6bf49b954c.ngc addsb_11_0_3c81f668c73fe3bc.vhd addsb_11_0_d1f449097ed0a158.vhd mlt_11_2_94be7c2fab735de7.v bmg_33_e9e540b1ba40437d.v dmg_43_e6e3b75fe9b7a583.mif cntr_11_0_da764ffec3b80b68.v bmg_33_103575db1cb8906d.vhd addsb_11_0_8202536b6c80d41d.vhd bmg_33_abda72d904723423.vhd bmg_33_48da6872a2de2862.v addsb_11_0_e4163618072387e1.v bmg_33_93af047bc31ed975.v cntr_11_0_28c081f5221f14ee.v dmg_43_f7074f739a815d7c.mif dmg_43_d096f6e8cb5e3310.vhd bmg_33_6dcf1ebba9a69c95.mif bmg_33_703aafc348b40980.v cntr_11_0_c14dbcf12e29b2d7.v bmg_33_b8c4b30b3d42cadf.mif cntr_11_0_7d2d2ebbf32c6bf7.vhd cntr_11_0_9cd1168730d276e8.ngc addsb_11_0_97a94476d39abba1.v cntr_11_0_6ad1a52b2c418917.ngc cntr_11_0_f693a2757b61b862.vhd bmg_33_3dc44663493e5141.vhd bmg_33_536316c7eed93d8d.vhd addsb_11_0_5133866ee72e4ea9.v bmg_33_c74cf11560359eb3.mif addsb_11_0_36867e5c7fbbc361.v bmg_33_203e27e931eb1cbc.ngc bmg_33_867ea1042efc7235.v bmg_33_5195d5d3f5dec7f3.mif cntr_11_0_2ac7fb319983676e.v addsb_11_0_acea36ae702708f1.vhd bmg_33_45e45a6b0b32f614.mif dmg_43_2c84d7ed8ee6aa83.v dmg_43_3127414ad7a714f4.mif bmg_33_5e5c5cdbadc20d89.mif cntr_11_0_7dbd4dbcd9455acc.vhd cntr_11_0_eea7476f289fee22.v addsb_11_0_13b3320717a8ab08.v cntr_11_0_28c081f5221f14ee.vhd cntr_11_0_64b6c809edee1e81.vhd bmg_33_867ea1042efc7235.vhd bmg_33_e77502d71aea64a1.ngc cntr_11_0_5146ef1d6551d4bd.v dmg_43_e6e3b75fe9b7a583.vhd cntr_11_0_7f0d56fd1dcf9c88.v cntr_11_0_e38d2846faa17a96.ngc bmg_33_45e45a6b0b32f614.v dmg_43_3127414ad7a714f4.v cntr_11_0_6db42a60fe462138.ngc mlt_11_2_e17173d75dc3e081.ngc addsb_11_0_8f8320a8378855a3.v addsb_11_0_15f3be9ad2414bc9.ngc bmg_33_536316c7eed93d8d.mif bmg_33_06133fa01183b95a.ngc addsb_11_0_15f3be9ad2414bc9.v addsb_11_0_b20b7f8d49b0a0e3.v addsb_11_0_5133866ee72e4ea9.vhd bmg_33_703aafc348b40980.ngc bmg_33_1d1a16587f3fc0f3.v dmg_43_d096f6e8cb5e3310.ngc bmg_33_6ada03306a140765.ngc cntr_11_0_7f0d56fd1dcf9c88.vhd addsb_11_0_e4163618072387e1.ngc addsb_11_0_8202536b6c80d41d.v mlt_11_2_0c13abc32fd5d8d9.v cntr_11_0_7dbd4dbcd9455acc.ngc bmg_33_e5c8c619115aa07c.v bmg_33_e8dcf4214e56e3f5.ngc bmg_33_2272a8ec1c0cc938.v bmg_33_06133fa01183b95a.v cntr_11_0_3141ead9d4e5a33a.vhd cntr_11_0_19e9aa05886dcbfe.v bmg_33_6dcf1ebba9a69c95.ngc bmg_33_06133fa01183b95a.mif cntr_11_0_80077642ae38aa96.v addsb_11_0_d1f449097ed0a158.ngc cntr_11_0_5146ef1d6551d4bd.vhd dmg_43_f7074f739a815d7c.vhd bmg_33_6ada03306a140765.vhd bmg_33_2272a8ec1c0cc938.mif cntr_11_0_5515d9f6c1c522c2.vhd bmg_33_1e208a1bd987979c.ngc bmg_33_abda72d904723423.v bmg_33_89fa326be153087b.vhd bmg_33_48da6872a2de2862.mif cntr_11_0_82b9fd0243bf8494.ngc dmg_43_e6e3b75fe9b7a583.ngc addsb_11_0_5133866ee72e4ea9.ngc bmg_33_1c6b512a486a4179.vhd bmg_33_3dc44663493e5141.mif bmg_33_867ea1042efc7235.ngc cntr_11_0_19e9aa05886dcbfe.vhd addsb_11_0_6407470611dcff3a.vhd bmg_33_103575db1cb8906d.mif cntr_11_0_f693a2757b61b862.ngc mlt_11_2_0c13abc32fd5d8d9.vhd bmg_33_e1dc07e48a247c2a.vhd bmg_33_5e5c5cdbadc20d89.v addsb_11_0_610003d72ed4acc9.vhd bmg_33_7f9bb833f81c2e5a.ngc cntr_11_0_82b9fd0243bf8494.v addsb_11_0_8f8320a8378855a3.ngc cntr_11_0_a5266c67e2bfae25.v cntr_11_0_9cd1168730d276e8.vhd addsb_11_0_e4163618072387e1.vhd cntr_11_0_9cd1168730d276e8.v addsb_11_0_6407470611dcff3a.ngc bmg_33_89fa326be153087b.ngc bmg_33_7f9bb833f81c2e5a.mif dmg_43_3127414ad7a714f4.ngc bmg_33_e1dc07e48a247c2a.mif cntr_11_0_19e9aa05886dcbfe.ngc cntr_11_0_e38d2846faa17a96.v cntr_11_0_2ac7fb319983676e.vhd bmg_33_2272a8ec1c0cc938.vhd cntr_11_0_f52338cfe462aa75.vhd addsb_11_0_13b3320717a8ab08.ngc addsb_11_0_f0f00f6bf49b954c.vhd addsb_11_0_610003d72ed4acc9.ngc bmg_33_1e208a1bd987979c.vhd dmg_43_f7074f739a815d7c.ngc nonleaf_results.vhd synopsis
opened file chan_550.vhd
copied addsb_11_0_36867e5c7fbbc361.vhd
copied bmg_33_7f9bb833f81c2e5a.vhd
copied bmg_33_6dcf1ebba9a69c95.vhd
copied bmg_33_203e27e931eb1cbc.vhd
copied bmg_33_5e5c5cdbadc20d89.vhd
copied bmg_33_8a6bca5e2fc06fa6.vhd
copied bmg_33_e5c8c619115aa07c.vhd
copied bmg_33_c74cf11560359eb3.vhd
copied cntr_11_0_6ad1a52b2c418917.vhd
copied cntr_11_0_82b9fd0243bf8494.vhd
copied bmg_33_703aafc348b40980.vhd
copied bmg_33_93af047bc31ed975.vhd
copied cntr_11_0_e38d2846faa17a96.vhd
copied cntr_11_0_a5266c67e2bfae25.vhd
copied addsb_11_0_97a94476d39abba1.vhd
copied bmg_33_20f40af67413e471.vhd
copied bmg_33_e8dcf4214e56e3f5.vhd
copied mlt_11_2_94be7c2fab735de7.vhd
copied addsb_11_0_07376586731f7a0d.vhd
copied bmg_33_b8c4b30b3d42cadf.vhd
copied addsb_11_0_8f8320a8378855a3.vhd
copied bmg_33_00210a008487e75b.vhd
copied bmg_33_48da6872a2de2862.vhd
copied cntr_11_0_18bbeb067aa07bfe.vhd
copied mlt_11_2_e17173d75dc3e081.vhd
copied cntr_11_0_da764ffec3b80b68.vhd
copied addsb_11_0_15f3be9ad2414bc9.vhd
copied bmg_33_1d1a16587f3fc0f3.vhd
copied cntr_11_0_6db42a60fe462138.vhd
copied cntr_11_0_80077642ae38aa96.vhd
copied cntr_11_0_c14dbcf12e29b2d7.vhd
copied bmg_33_e77502d71aea64a1.vhd
copied bmg_33_06133fa01183b95a.vhd
copied bmg_33_7b9ccf0344272f29.vhd
copied cntr_11_0_dc3e762e4909a8fc.vhd
copied bmg_33_31944f959b70ca96.vhd
copied addsb_11_0_b20b7f8d49b0a0e3.vhd
copied addsb_11_0_a94e57b72e53038c.vhd
copied bmg_33_45e45a6b0b32f614.vhd
copied cntr_11_0_eea7476f289fee22.vhd
copied addsb_11_0_13b3320717a8ab08.vhd
copied bmg_33_e67a48b1c0b67489.vhd
copied addsb_11_0_cb3661bea5598abb.vhd
copied bmg_33_71a507aea6e3ab6e.vhd
copied dmg_43_3127414ad7a714f4.vhd
copied crdc_v4_0_ca65db4ce002d4ae.vhd
copied bmg_33_e9e540b1ba40437d.vhd
copied dmg_43_2c84d7ed8ee6aa83.vhd
copied bmg_33_5195d5d3f5dec7f3.vhd
copied addsb_11_0_3c81f668c73fe3bc.vhd
copied addsb_11_0_d1f449097ed0a158.vhd
copied bmg_33_103575db1cb8906d.vhd
copied addsb_11_0_8202536b6c80d41d.vhd
copied bmg_33_abda72d904723423.vhd
copied dmg_43_d096f6e8cb5e3310.vhd
copied cntr_11_0_7d2d2ebbf32c6bf7.vhd
copied cntr_11_0_f693a2757b61b862.vhd
copied bmg_33_3dc44663493e5141.vhd
copied bmg_33_536316c7eed93d8d.vhd
copied addsb_11_0_acea36ae702708f1.vhd
copied cntr_11_0_7dbd4dbcd9455acc.vhd
copied cntr_11_0_28c081f5221f14ee.vhd
copied cntr_11_0_64b6c809edee1e81.vhd
copied bmg_33_867ea1042efc7235.vhd
copied dmg_43_e6e3b75fe9b7a583.vhd
copied addsb_11_0_5133866ee72e4ea9.vhd
copied cntr_11_0_7f0d56fd1dcf9c88.vhd
copied cntr_11_0_3141ead9d4e5a33a.vhd
copied cntr_11_0_5146ef1d6551d4bd.vhd
copied dmg_43_f7074f739a815d7c.vhd
copied bmg_33_6ada03306a140765.vhd
copied cntr_11_0_5515d9f6c1c522c2.vhd
copied bmg_33_89fa326be153087b.vhd
copied bmg_33_1c6b512a486a4179.vhd
copied cntr_11_0_19e9aa05886dcbfe.vhd
copied addsb_11_0_6407470611dcff3a.vhd
copied mlt_11_2_0c13abc32fd5d8d9.vhd
copied bmg_33_e1dc07e48a247c2a.vhd
copied addsb_11_0_610003d72ed4acc9.vhd
copied cntr_11_0_9cd1168730d276e8.vhd
copied addsb_11_0_e4163618072387e1.vhd
copied cntr_11_0_2ac7fb319983676e.vhd
copied bmg_33_2272a8ec1c0cc938.vhd
copied cntr_11_0_f52338cfe462aa75.vhd
copied addsb_11_0_f0f00f6bf49b954c.vhd
copied bmg_33_1e208a1bd987979c.vhd
copied /home/sean/SDR/Firmware/projects/chan_550/sysgen/sysgen/perl_results.vhd
copied nonleaf_results.vhd
